<?xml version="1.0" encoding="UTF-8"?>
<!-- Generated by org.testng.reporters.JUnitReportReporter -->
<testsuite hostname="LAPTOP-VR2BVJGM" failures="0" tests="2" name="com.SeleniumFramework.TestCases.TC_01_Verify_AdminPage_Usernames_AscendingOrder_ByDefault" time="19.547" errors="0" timestamp="2024-06-10T12:36:18 IST" skipped="0">
  <testcase classname="com.SeleniumFramework.TestCases.TC_01_Verify_AdminPage_Usernames_AscendingOrder_ByDefault" name="abc" time="0.003"/>
  <system-out/>
  <testcase classname="com.SeleniumFramework.TestCases.TC_01_Verify_AdminPage_Usernames_AscendingOrder_ByDefault" name="LoginFlowValidation" time="19.544"/>
  <system-out/>
</testsuite> <!-- com.SeleniumFramework.TestCases.TC_01_Verify_AdminPage_Usernames_AscendingOrder_ByDefault -->
