<?xml version="1.0" encoding="UTF-8"?>
<!-- Generated by org.testng.reporters.JUnitReportReporter -->
<testsuite hostname="LAPTOP-VR2BVJGM" failures="0" tests="1" name="com.SeleniumFramework.TestCases.TC_02_AddAccount" time="8.555" errors="0" timestamp="2024-05-24T23:17:18 IST" skipped="0">
  <testcase classname="com.SeleniumFramework.TestCases.TC_02_AddAccount" name="AddAccountValidation" time="8.555"/>
  <system-out/>
</testsuite> <!-- com.SeleniumFramework.TestCases.TC_02_AddAccount -->
