<?xml version="1.0" encoding="UTF-8"?>
<!-- Generated by org.testng.reporters.JUnitReportReporter -->
<testsuite hostname="LAPTOP-VR2BVJGM" failures="0" tests="1" name="com.SeleniumFramework.TestCases.TC_01_Login" time="9.291" errors="0" timestamp="2024-05-22T22:59:25 IST" skipped="0">
  <testcase classname="com.SeleniumFramework.TestCases.TC_01_Login" name="LoginFlowValidation" time="9.291"/>
  <system-out/>
</testsuite> <!-- com.SeleniumFramework.TestCases.TC_01_Login -->
