<?xml version="1.0" encoding="UTF-8"?>
<!-- Generated by org.testng.reporters.JUnitReportReporter -->
<testsuite hostname="LAPTOP-VR2BVJGM" failures="0" tests="1" name="com.SeleniumFramework.TestCases.TC_02_Verfiy_Add_NewAccount_AdminPage" time="10.494" errors="0" timestamp="2024-06-11T21:50:55 IST" skipped="0">
  <testcase classname="com.SeleniumFramework.TestCases.TC_02_Verfiy_Add_NewAccount_AdminPage" name="AddAccountValidation" time="10.494"/>
  <system-out/>
</testsuite> <!-- com.SeleniumFramework.TestCases.TC_02_Verfiy_Add_NewAccount_AdminPage -->
